<?xml version="1.0" encoding="UTF-8"?>
<!-- Generated by org.testng.reporters.JUnitXMLReporter -->
<testsuite ignored="0" hostname="Windows" failures="0" tests="0" time="18.73" errors="0" timestamp="2021-03-11T12:51:37 GMT">
</testsuite>
