<?xml version="1.0" encoding="UTF-8"?>
<!-- Generated by org.testng.reporters.JUnitXMLReporter -->
<testsuite hostname="Windows" ignored="0" tests="0" failures="0" timestamp="2021-03-11T17:46:41 GMT" time="16.338" errors="0">
</testsuite>
